<?xml version="1.0" encoding="UTF-8"?>
<testsuite name="ru.stqa.pft.addressbook.tests.ContactDeletionTest" tests="1" skipped="0" failures="0" errors="0" timestamp="2019-04-08T15:40:31" hostname="DESKTOP-RAC7IC4" time="3.573">
  <properties/>
  <testcase name="contactDeletionTest" classname="ru.stqa.pft.addressbook.tests.ContactDeletionTest" time="3.573"/>
  <system-out><![CDATA[]]></system-out>
  <system-err><![CDATA[]]></system-err>
</testsuite>
